0 info it worked if it ends with ok
1 verbose cli [ '/usr/local/bin/node',
1 verbose cli   '/usr/local/bin/npm',
1 verbose cli   'install',
1 verbose cli   'google-apis' ]
2 info using npm@1.4.28
3 info using node@v0.10.32
4 verbose cache add [ 'google-apis', null ]
5 verbose cache add name=undefined spec="google-apis" args=["google-apis",null]
6 verbose parsed url { protocol: null,
6 verbose parsed url   slashes: null,
6 verbose parsed url   auth: null,
6 verbose parsed url   host: null,
6 verbose parsed url   port: null,
6 verbose parsed url   hostname: null,
6 verbose parsed url   hash: null,
6 verbose parsed url   search: null,
6 verbose parsed url   query: null,
6 verbose parsed url   pathname: 'google-apis',
6 verbose parsed url   path: 'google-apis',
6 verbose parsed url   href: 'google-apis' }
7 silly lockFile 6d4b284b-google-apis google-apis
8 verbose lock google-apis /Users/anjasvartberg/.npm/6d4b284b-google-apis.lock
9 silly lockFile 6d4b284b-google-apis google-apis
10 silly lockFile 6d4b284b-google-apis google-apis
11 verbose addNamed [ 'google-apis', '' ]
12 verbose addNamed [ null, '*' ]
13 silly lockFile aabe020e-google-apis google-apis@
14 verbose lock google-apis@ /Users/anjasvartberg/.npm/aabe020e-google-apis.lock
15 silly addNameRange { name: 'google-apis', range: '*', hasData: false }
16 verbose request where is /google-apis
17 verbose request registry https://registry.npmjs.org/
18 verbose request id 620804f631b59fa5
19 verbose url raw /google-apis
20 verbose url resolving [ 'https://registry.npmjs.org/', './google-apis' ]
21 verbose url resolved https://registry.npmjs.org/google-apis
22 verbose request where is https://registry.npmjs.org/google-apis
23 info trying registry request attempt 1 at 22:48:29
24 http GET https://registry.npmjs.org/google-apis
25 http 404 https://registry.npmjs.org/google-apis
26 verbose headers { date: 'Mon, 27 Oct 2014 21:48:31 GMT',
26 verbose headers   server: 'CouchDB/1.5.0 (Erlang OTP/R16B03)',
26 verbose headers   'content-type': 'application/json',
26 verbose headers   'cache-control': 'max-age=0',
26 verbose headers   'content-length': '52',
26 verbose headers   'accept-ranges': 'bytes',
26 verbose headers   via: '1.1 varnish',
26 verbose headers   age: '0',
26 verbose headers   'x-served-by': 'cache-ams4137-AMS',
26 verbose headers   'x-cache': 'MISS',
26 verbose headers   'x-cache-hits': '0',
26 verbose headers   'x-timer': 'S1414446510.975939,VS0,VE158',
26 verbose headers   'keep-alive': 'timeout=10, max=50',
26 verbose headers   connection: 'Keep-Alive' }
27 silly registry.get cb [ 404,
27 silly registry.get   { date: 'Mon, 27 Oct 2014 21:48:31 GMT',
27 silly registry.get     server: 'CouchDB/1.5.0 (Erlang OTP/R16B03)',
27 silly registry.get     'content-type': 'application/json',
27 silly registry.get     'cache-control': 'max-age=0',
27 silly registry.get     'content-length': '52',
27 silly registry.get     'accept-ranges': 'bytes',
27 silly registry.get     via: '1.1 varnish',
27 silly registry.get     age: '0',
27 silly registry.get     'x-served-by': 'cache-ams4137-AMS',
27 silly registry.get     'x-cache': 'MISS',
27 silly registry.get     'x-cache-hits': '0',
27 silly registry.get     'x-timer': 'S1414446510.975939,VS0,VE158',
27 silly registry.get     'keep-alive': 'timeout=10, max=50',
27 silly registry.get     connection: 'Keep-Alive' } ]
28 silly lockFile aabe020e-google-apis google-apis@
29 silly lockFile aabe020e-google-apis google-apis@
30 error 404 404 Not Found: google-apis
30 error 404
30 error 404 'google-apis' is not in the npm registry.
30 error 404 You should bug the author to publish it
30 error 404
30 error 404 Note that you can also install from a
30 error 404 tarball, folder, or http url, or git url.
31 error System Darwin 13.1.0
32 error command "/usr/local/bin/node" "/usr/local/bin/npm" "install" "google-apis"
33 error cwd /Users/anjasvartberg/Documents/Planner
34 error node -v v0.10.32
35 error npm -v 1.4.28
36 error code E404
37 verbose exit [ 1, true ]
